

Started GET "/" for 127.0.0.1 at 2012-10-03 09:53:28 -0400
Connecting to database specified by database.yml

ActiveRecord::ConnectionNotEstablished (ActiveRecord::ConnectionNotEstablished):
  activerecord (3.2.7) lib/active_record/connection_adapters/abstract/connection_pool.rb:404:in `retrieve_connection'
  activerecord (3.2.7) lib/active_record/connection_adapters/abstract/connection_specification.rb:170:in `retrieve_connection'
  activerecord (3.2.7) lib/active_record/connection_adapters/abstract/connection_specification.rb:144:in `connection'
  activerecord (3.2.7) lib/active_record/query_cache.rb:67:in `rescue in call'
  activerecord (3.2.7) lib/active_record/query_cache.rb:61:in `call'
  activerecord (3.2.7) lib/active_record/connection_adapters/abstract/connection_pool.rb:473:in `call'
  actionpack (3.2.7) lib/action_dispatch/middleware/callbacks.rb:28:in `block in call'
  activesupport (3.2.7) lib/active_support/callbacks.rb:405:in `_run__591297075__call__159098764__callbacks'
  activesupport (3.2.7) lib/active_support/callbacks.rb:405:in `__run_callback'
  activesupport (3.2.7) lib/active_support/callbacks.rb:385:in `_run_call_callbacks'
  activesupport (3.2.7) lib/active_support/callbacks.rb:81:in `run_callbacks'
  actionpack (3.2.7) lib/action_dispatch/middleware/callbacks.rb:27:in `call'
  actionpack (3.2.7) lib/action_dispatch/middleware/reloader.rb:65:in `call'
  actionpack (3.2.7) lib/action_dispatch/middleware/remote_ip.rb:31:in `call'
  actionpack (3.2.7) lib/action_dispatch/middleware/debug_exceptions.rb:16:in `call'
  actionpack (3.2.7) lib/action_dispatch/middleware/show_exceptions.rb:56:in `call'
  railties (3.2.7) lib/rails/rack/logger.rb:26:in `call_app'
  railties (3.2.7) lib/rails/rack/logger.rb:16:in `call'
  actionpack (3.2.7) lib/action_dispatch/middleware/request_id.rb:22:in `call'
  rack (1.4.1) lib/rack/methodoverride.rb:21:in `call'
  rack (1.4.1) lib/rack/runtime.rb:17:in `call'
  activesupport (3.2.7) lib/active_support/cache/strategy/local_cache.rb:72:in `call'
  rack (1.4.1) lib/rack/lock.rb:15:in `call'
  actionpack (3.2.7) lib/action_dispatch/middleware/static.rb:62:in `call'
  railties (3.2.7) lib/rails/engine.rb:479:in `call'
  railties (3.2.7) lib/rails/application.rb:220:in `call'
  rack (1.4.1) lib/rack/content_length.rb:14:in `call'
  railties (3.2.7) lib/rails/rack/log_tailer.rb:17:in `call'
  rack (1.4.1) lib/rack/handler/webrick.rb:59:in `service'
  /usr/share/ruby/webrick/httpserver.rb:138:in `service'
  /usr/share/ruby/webrick/httpserver.rb:94:in `run'
  /usr/share/ruby/webrick/server.rb:191:in `block in start_thread'


  Rendered /usr/local/share/gems/gems/actionpack-3.2.7/lib/action_dispatch/middleware/templates/rescues/_trace.erb (3.0ms)
  Rendered /usr/local/share/gems/gems/actionpack-3.2.7/lib/action_dispatch/middleware/templates/rescues/_request_and_response.erb (3.4ms)
  Rendered /usr/local/share/gems/gems/actionpack-3.2.7/lib/action_dispatch/middleware/templates/rescues/diagnostics.erb within rescues/layout (36.3ms)


Started GET "/" for 127.0.0.1 at 2012-10-03 09:55:29 -0400
Connecting to database specified by database.yml
Processing by HomeController#index as HTML
  Rendered home/index.html.erb within layouts/application (27.2ms)
Compiled home.css  (41ms)  (pid 30843)
Compiled application.css  (50ms)  (pid 30843)
Compiled jquery.js  (6ms)  (pid 30843)
Compiled jquery_ujs.js  (0ms)  (pid 30843)
Compiled home.js  (161ms)  (pid 30843)
Compiled application.js  (220ms)  (pid 30843)
Completed 200 OK in 377ms (Views: 376.0ms | ActiveRecord: 0.0ms)


Started GET "/assets/application.css?body=1" for 127.0.0.1 at 2012-10-03 09:55:30 -0400
Served asset /application.css - 200 OK (10ms)


Started GET "/assets/jquery.js?body=1" for 127.0.0.1 at 2012-10-03 09:55:30 -0400
Served asset /jquery.js - 200 OK (4ms)


Started GET "/assets/home.js?body=1" for 127.0.0.1 at 2012-10-03 09:55:30 -0400
Served asset /home.js - 304 Not Modified (1ms)


Started GET "/assets/application.js?body=1" for 127.0.0.1 at 2012-10-03 09:55:30 -0400
Served asset /application.js - 304 Not Modified (7ms)


Started GET "/assets/jquery_ujs.js?body=1" for 127.0.0.1 at 2012-10-03 09:55:30 -0400
Served asset /jquery_ujs.js - 200 OK (4ms)


Started GET "/assets/home.css?body=1" for 127.0.0.1 at 2012-10-03 09:55:30 -0400
Served asset /home.css - 304 Not Modified (1ms)
Connecting to database specified by database.yml
  [1m[36m (0.5ms)[0m  [1mselect sqlite_version(*)[0m
  [1m[35m (121.8ms)[0m  CREATE TABLE "schema_migrations" ("version" varchar(255) NOT NULL) 
  [1m[36m (0.2ms)[0m  [1mPRAGMA index_list("schema_migrations")[0m
  [1m[35m (131.5ms)[0m  CREATE UNIQUE INDEX "unique_schema_migrations" ON "schema_migrations" ("version")
  [1m[36m (0.7ms)[0m  [1mselect sqlite_version(*)[0m
  [1m[35m (0.4ms)[0m  SELECT "schema_migrations"."version" FROM "schema_migrations" 
Connecting to database specified by database.yml
  [1m[36m (0.8ms)[0m  [1mselect sqlite_version(*)[0m
  [1m[35m (0.4ms)[0m  SELECT "schema_migrations"."version" FROM "schema_migrations" 
Connecting to database specified by database.yml
  [1m[36m (1.7ms)[0m  [1mselect sqlite_version(*)[0m
  [1m[35m (0.9ms)[0m  SELECT "schema_migrations"."version" FROM "schema_migrations" 


Started GET "/" for 127.0.0.1 at 2013-08-22 19:51:57 -0400
Connecting to database specified by database.yml
Processing by HomeController#index as HTML
  Rendered home/index.html.erb within layouts/application (2.7ms)
Compiled home.css  (27ms)  (pid 5178)
Compiled application.css  (29ms)  (pid 5178)
Compiled jquery.js  (9ms)  (pid 5178)
Compiled jquery_ujs.js  (0ms)  (pid 5178)
Compiled home.js  (104ms)  (pid 5178)
Compiled application.js  (166ms)  (pid 5178)
Completed 200 OK in 278ms (Views: 277.3ms | ActiveRecord: 0.0ms)


Started GET "/assets/home.css?body=1" for 127.0.0.1 at 2013-08-22 19:51:58 -0400
Served asset /home.css - 200 OK (4ms)


Started GET "/assets/jquery_ujs.js?body=1" for 127.0.0.1 at 2013-08-22 19:51:58 -0400
Served asset /jquery_ujs.js - 200 OK (6ms)


Started GET "/assets/jquery.js?body=1" for 127.0.0.1 at 2013-08-22 19:51:58 -0400
Served asset /jquery.js - 200 OK (12ms)


Started GET "/assets/home.js?body=1" for 127.0.0.1 at 2013-08-22 19:51:58 -0400
Served asset /home.js - 200 OK (3ms)


Started GET "/home/show" for 127.0.0.1 at 2013-08-22 19:52:07 -0400
Processing by HomeController#show as HTML
Starting
Connection to ftp.officeally.com created with user: associatedbc
The send to folder: /outbound exists.
The receive from folder: /inbound exists.
  Rendered home/show.html.erb within layouts/application (0.9ms)
Completed 200 OK in 1260ms (Views: 10.2ms | ActiveRecord: 0.0ms)


Started GET "/assets/home.css?body=1" for 127.0.0.1 at 2013-08-22 19:52:08 -0400
Served asset /home.css - 304 Not Modified (0ms)


Started GET "/assets/jquery.js?body=1" for 127.0.0.1 at 2013-08-22 19:52:08 -0400
Served asset /jquery.js - 304 Not Modified (1ms)


Started GET "/assets/home.js?body=1" for 127.0.0.1 at 2013-08-22 19:52:08 -0400
Served asset /home.js - 304 Not Modified (0ms)


Started GET "/assets/jquery_ujs.js?body=1" for 127.0.0.1 at 2013-08-22 19:52:08 -0400
Served asset /jquery_ujs.js - 304 Not Modified (0ms)


Started GET "/home/show" for 127.0.0.1 at 2013-08-22 19:59:19 -0400
Processing by HomeController#show as HTML
Starting
Connection to ftp.officeally.com created with user: associatedbc
A general error occured.  Please check your settings. => undefined local variable or method `sftp' for #<HomeController:0x007f1458c3f078>
  Rendered home/show.html.erb within layouts/application (30.1ms)
Completed 500 Internal Server Error in 1344ms

ActionView::Template::Error (undefined method `each' for nil:NilClass):
    1: 
    2: <h2>Messages:</h2>
    3: <% @messages.each do |msg| %>
    4: 	<%= msg %> <br />
    5: <% end %>
  app/views/home/show.html.erb:3:in `_app_views_home_show_html_erb___2311377515802367755_69862682219820'


  Rendered /usr/local/share/gems/gems/actionpack-3.2.7/lib/action_dispatch/middleware/templates/rescues/_trace.erb (10.7ms)
  Rendered /usr/local/share/gems/gems/actionpack-3.2.7/lib/action_dispatch/middleware/templates/rescues/_request_and_response.erb (2.8ms)
  Rendered /usr/local/share/gems/gems/actionpack-3.2.7/lib/action_dispatch/middleware/templates/rescues/template_error.erb within rescues/layout (28.4ms)


Started GET "/home/show" for 127.0.0.1 at 2013-08-22 19:59:36 -0400
Processing by HomeController#show as HTML
Starting
Connection to ftp.officeally.com created with user: associatedbc
A general error occured.  Please check your settings. => undefined local variable or method `sftp' for #<HomeController:0x007f1458634a20>
  Rendered home/show.html.erb within layouts/application (1.4ms)
Completed 200 OK in 1270ms (Views: 11.1ms | ActiveRecord: 0.0ms)


Started GET "/assets/jquery_ujs.js?body=1" for 127.0.0.1 at 2013-08-22 19:59:37 -0400
Served asset /jquery_ujs.js - 304 Not Modified (1ms)


Started GET "/assets/home.css?body=1" for 127.0.0.1 at 2013-08-22 19:59:37 -0400
Served asset /home.css - 304 Not Modified (0ms)


Started GET "/assets/jquery.js?body=1" for 127.0.0.1 at 2013-08-22 19:59:37 -0400
Served asset /jquery.js - 304 Not Modified (3ms)


Started GET "/assets/home.js?body=1" for 127.0.0.1 at 2013-08-22 19:59:37 -0400
Served asset /home.js - 304 Not Modified (0ms)


Started GET "/home/show" for 127.0.0.1 at 2013-08-22 20:00:18 -0400
Processing by HomeController#show as HTML
Starting
Connection to ftp.officeally.com created with user: associatedbc
The send to folder: /outbound exists.
The receive from folder: /inbound exists.
  Rendered home/show.html.erb within layouts/application (0.4ms)
Completed 200 OK in 1309ms (Views: 13.2ms | ActiveRecord: 0.0ms)


Started GET "/assets/home.css?body=1" for 127.0.0.1 at 2013-08-22 20:00:20 -0400
Served asset /home.css - 304 Not Modified (0ms)


Started GET "/assets/jquery.js?body=1" for 127.0.0.1 at 2013-08-22 20:00:20 -0400
Served asset /jquery.js - 304 Not Modified (6ms)


Started GET "/assets/jquery_ujs.js?body=1" for 127.0.0.1 at 2013-08-22 20:00:20 -0400
Served asset /jquery_ujs.js - 304 Not Modified (0ms)


Started GET "/assets/home.js?body=1" for 127.0.0.1 at 2013-08-22 20:00:20 -0400
Served asset /home.js - 304 Not Modified (0ms)
